-----BEGIN PRIVATE KEY-----
MIIEvgIBADANBgkqhkiG9w0BAQEFAASCBKgwggSkAgEAAoIBAQDSTh+BMPXwoIHI
bcIgcXj33ACsbCs+K2bBxSELcUpqCP1wUZ98jYp2RvsWycCaGzgCa2pHgoGGme2X
yh6aGlxSO7P+CgSrnhiDOb7B0V/jt48kTL9Aq0YYDzvNrCaTHZ87vPIHk/xqFC2F
98fPBiI57W5VxIcgWXEWy0oNivv8pJxgvbS8ki0va51fT6ZMkneMhy0vlvrVBcea
ipoeqrw1s+nZCmL1LCBhwR2O9txkMNB3gGh//5mS/JIayBdUwffR6zSUxCneY7Qe
/SX7Mse1gRMWO6AsYlrvLeVCv6wKLdvN8xymDD3SaDqHVQWztsUhVndKrzI94bfm
PLmPbSsbAgMBAAECggEAep013RrwqYTLZlIn9sZx4wEQG3dNlwey95K5e3RoEH6B
VTUhqXrUmbU0u8qRUsg/1ZlO87ZxUkr4raEYSnzICuHoRVsN8glQ/WFziIlMQPZK
rL1aXJf/XBO1qGqQawHATxIQgr6TUj3FdPBMPLW0ytVVmQfmSMQdHU8VM+QumtNI
EIaG2r2HoXWjoZl4m/AIJOzC+F/iKibR29q82LYTqvbFEeZewtR/G9kdLlo7uxzk
7Ax2Nsz+YGbKhe6LZfMiFRWhUF4Q1zhRGygKTsEJRfDfmO/Yihptfkjggic+96eQ
qW5TKKLEjxyWU3RjTQT8Ds/enqLPK0NcwZzYhp+RMQKBgQDob0uoE83rgm6fx88L
rspKR9uCC+tbNlbiw4UtlGpN9sz0NTTx4ASSgPh+ae3Ekr0od6jkFXv11Qq9ExJG
dH6M/D6Mw6qVl3SdAI4RiyC+jQOfivRzamrwqFtW4+7SJwonlq/siWM6IbVY7LKd
F/TuVDdZKe4iKXLhNLzDTcXo7wKBgQDnoHex4bL38b8k25r1q7oGuXgYEhx1TbdL
n75jSNrz4v29GjkoSawylYQ1qpSHcQYZwYY4TDWlVzA9z3b9Ub3E59HIgw0cBSkp
gbeuwYtsQVvZIMEyBioDzgySPGg+/q+ADs1mtYKkrJqsAVZ7Mpu8l8qfl4Fqdblh
dBQe6hzolQKBgQCZyPFUrm3DEZRh0RCTGT2sceixHXPF8KkB9f0KkDTZip5GQWHb
Wq2LxRskgK+ZLMFMogcziWdv2ln1iUXBKdiFLWuxNNCLkx7Ltg9JWjT6/k/UYlqk
dld1DN8KGVrs3nmggdm59ZiaYK0cvdbbi3s5qKzKKKzvG19v07XEvpNgLwKBgDfN
jCi51HExt7g8hBe92KJ4GnvKGTsVjxxUDv1CdyWcwT7Gy5BuN2M0bFa1kvUSgMLB
wgFcMuxzlfa+Pc+H2u1OYFcrY4QlpiYOz1712A4rrOIhpwnTPFoQUS0GCqNqnoN+
jXO6NRBRWS4pYFlr9uM3uqQ6Tv6EADZ/Tb2o73AFAoGBANzCLD8t2RB6f5azdXvd
3vUtjHb3NPmDB3ENdlZjSGKQRrAUIY4FcbOe+4V3mzZo+BPoN7VBZO7ftEsEDXh4
hU3a9q/tZizQHshFDgolvWMdJJXUZcmI0QfasUVvYRhEq+1lmoeJorfnzqCsNDEg
jzgJqzUAd12SuZ2WzXxZvfeB
-----END PRIVATE KEY-----
